<dataset>
    <customer_contact id="1" first_name="Nishant" last_name="Charan"/>
    <customer_contact id="2" first_name="Steve" last_name="Rogers"/>
    <customer_contact id="3" first_name="Tony" last_name="Stark"/>
    <customer_contact id="4" first_name="Bruce" last_name="Banner"/>
</dataset>